\BOOKMARK [0][-]{chapter.1}{\376\377\006\047\006\104\006\105\006\102\006\057\006\105\006\051}{}% 1
\BOOKMARK [1][-]{section.1.1}{\376\377\006\056\006\104\006\101\006\112\006\051\000\040\006\047\006\104\006\057\006\061\006\047\006\063\006\051}{chapter.1}% 2
\BOOKMARK [1][-]{section.1.2}{\376\377\006\105\006\064\006\103\006\104\006\051\000\040\006\047\006\104\006\050\006\055\006\053}{chapter.1}% 3
\BOOKMARK [1][-]{section.1.3}{\376\377\006\043\006\107\006\057\006\047\006\101\000\040\006\047\006\104\006\105\006\064\006\061\006\110\006\071}{chapter.1}% 4
\BOOKMARK [1][-]{section.1.4}{\376\377\006\107\006\112\006\103\006\104\000\040\006\047\006\104\006\105\006\103\006\052\006\050\006\051\000\040\040\024\000\040\006\106\006\070\006\061\006\051\000\040\006\071\006\047\006\105\006\051}{chapter.1}% 5
\BOOKMARK [1][-]{section.1.5}{\376\377\006\043\006\107\006\105\006\112\006\051\000\040\006\047\006\104\006\057\006\061\006\047\006\063\006\051}{chapter.1}% 6
\BOOKMARK [1][-]{section.1.6}{\376\377\006\106\006\067\006\047\006\102\000\040\006\047\006\104\006\057\006\061\006\047\006\063\006\051\000\040\006\110\006\055\006\057\006\110\006\057\006\107\006\047}{chapter.1}% 7
\BOOKMARK [0][-]{chapter.2}{\376\377\006\047\006\104\006\045\006\067\006\047\006\061\000\040\006\047\006\104\006\106\006\070\006\061\006\112\000\040\006\110\006\047\006\104\006\057\006\061\006\047\006\063\006\047\006\052\000\040\006\047\006\104\006\063\006\047\006\050\006\102\006\051}{}% 8
\BOOKMARK [1][-]{section.2.1}{\376\377\006\043\006\106\006\070\006\105\006\051\000\040\006\105\006\071\006\047\006\104\006\054\006\051\000\040\006\047\006\104\006\045\006\112\006\105\006\047\006\041\006\047\006\052\000\040\006\101\006\112\000\040\006\052\006\067\006\050\006\112\006\102\006\047\006\052\000\040\006\047\006\104\006\107\006\110\006\047\006\052\006\101\000\040\006\047\006\104\006\105\006\055\006\105\006\110\006\104\006\051}{chapter.2}% 9
\BOOKMARK [2][-]{subsection.2.1.1}{\376\377\006\052\006\067\006\110\006\061\000\040\006\043\006\067\006\061\000\040\006\105\006\071\006\047\006\104\006\054\006\051\000\040\006\047\006\104\006\045\006\112\006\105\006\047\006\041\006\047\006\052}{section.2.1}% 10
\BOOKMARK [1][-]{section.2.2}{\376\377\006\052\006\065\006\106\006\112\006\101\000\040\006\047\006\104\006\045\006\112\006\105\006\047\006\041\006\047\006\052\000\040\006\047\006\104\006\104\006\105\006\063\006\112\006\051\000\040\006\110\006\056\006\065\006\047\006\046\006\065\006\107\006\047\000\040\006\047\006\104\006\052\006\102\006\106\006\112\006\051}{chapter.2}% 11
\BOOKMARK [2][-]{subsection.2.2.1}{\376\377\006\047\006\104\006\105\006\071\006\105\006\047\006\061\006\112\006\051\000\040\006\047\006\104\006\057\006\047\006\056\006\104\006\112\006\051\000\040\006\104\006\043\006\106\006\070\006\105\006\051\000\040\006\047\006\104\006\052\006\071\006\061\006\101\000\040\006\071\006\104\006\111\000\040\006\047\006\104\006\045\006\112\006\105\006\047\006\041\006\047\006\052}{section.2.2}% 12
\BOOKMARK [1][-]{section.2.3}{\376\377\006\047\006\104\006\052\006\055\006\057\006\112\006\047\006\052\000\040\006\047\006\104\006\052\006\102\006\106\006\112\006\051\000\040\006\101\006\112\000\040\006\052\006\067\006\110\006\112\006\061\000\040\006\105\006\103\006\052\006\050\006\047\006\052\000\040\006\047\006\104\006\045\006\112\006\105\006\047\006\041\006\047\006\052\000\040\006\105\006\052\006\071\006\057\006\057\006\051\000\040\006\047\006\104\006\105\006\106\006\065\006\047\006\052}{chapter.2}% 13
\BOOKMARK [2][-]{subsection.2.3.1}{\376\377\006\105\006\064\006\103\006\104\006\051\000\040\006\052\006\043\006\056\006\061\000\040\006\047\006\104\006\054\006\063\006\061\000\040\006\110\006\047\006\104\006\055\006\104\006\110\006\104\000\040\006\047\006\104\006\055\006\057\006\112\006\053\006\051}{section.2.3}% 14
\BOOKMARK [2][-]{subsection.2.3.2}{\376\377\006\045\006\057\006\047\006\061\006\051\000\040\006\052\006\066\006\047\006\061\006\050\000\040\006\047\006\104\006\045\006\112\006\105\006\047\006\041\006\047\006\052}{section.2.3}% 15
\BOOKMARK [1][-]{section.2.4}{\376\377\006\105\006\103\006\052\006\050\006\047\006\052\000\040\006\047\006\104\006\045\006\112\006\105\006\047\006\041\006\047\006\052\000\040\006\110\006\047\006\104\006\043\006\106\006\105\006\047\006\067\000\040\006\047\006\104\006\105\006\071\006\105\006\047\006\061\006\112\006\051\000\040\006\104\006\104\006\105\006\103\006\052\006\050\006\047\006\052\000\040\006\105\006\101\006\052\006\110\006\055\006\051\000\040\006\047\006\104\006\105\006\065\006\057\006\061}{chapter.2}% 16
\BOOKMARK [2][-]{subsection.2.4.1}{\376\377\006\105\006\050\006\047\006\057\006\046\000\040\006\052\006\065\006\105\006\112\006\105\000\040\006\047\006\104\006\105\006\103\006\052\006\050\006\047\006\052\000\040\006\047\006\104\006\102\006\047\006\050\006\104\006\051\000\040\006\104\006\045\006\071\006\047\006\057\006\051\000\040\006\047\006\104\006\047\006\063\006\052\006\056\006\057\006\047\006\105}{section.2.4}% 17
\BOOKMARK [2][-]{subsection.2.4.2}{\376\377\006\106\006\105\006\067\000\040\006\047\006\104\006\056\006\067\006\047\006\101\006\047\006\052\000\040\006\101\006\112\000\040\006\105\006\106\006\070\006\110\006\105\006\051\000\040\000R\000e\000a\000c\000t}{section.2.4}% 18
\BOOKMARK [1][-]{section.2.5}{\376\377\006\106\006\070\006\105\000\040\006\047\006\104\006\055\006\063\006\047\006\063\006\047\006\052\000\040\006\047\006\104\006\057\006\047\006\056\006\104\006\112\006\051\000\040\006\101\006\112\000\040\006\047\006\104\006\043\006\054\006\107\006\062\006\051\000\040\006\047\006\104\006\105\006\055\006\105\006\110\006\104\006\051}{chapter.2}% 19
\BOOKMARK [1][-]{section.2.6}{\376\377\006\056\006\104\006\047\006\065\006\051\000\040\006\047\006\104\006\045\006\067\006\047\006\061\000\040\006\047\006\104\006\106\006\070\006\061\006\112}{chapter.2}% 20
\BOOKMARK [0][-]{chapter.3}{\376\377\006\047\006\104\006\105\006\106\006\107\006\054\006\112\006\051\000\040\006\110\006\050\006\106\006\112\006\051\000\040\006\047\006\104\006\106\006\070\006\047\006\105}{}% 21
\BOOKMARK [1][-]{section.3.1}{\376\377\006\105\006\106\006\107\006\054\006\112\006\051\000\040\006\047\006\104\006\050\006\055\006\053\000\040\006\110\006\047\006\104\006\052\006\065\006\105\006\112\006\105}{chapter.3}% 22
\BOOKMARK [2][-]{subsection.3.1.1}{\376\377\006\052\006\055\006\104\006\112\006\104\000\040\006\047\006\104\006\105\006\052\006\067\006\104\006\050\006\047\006\052}{section.3.1}% 23
\BOOKMARK [1][-]{section.3.2}{\376\377\006\052\006\065\006\105\006\112\006\105\000\040\006\105\006\071\006\105\006\047\006\061\006\112\006\051\000\040\006\047\006\104\006\106\006\070\006\047\006\105\000\040\006\047\006\104\006\105\006\052\006\103\006\047\006\105\006\104\006\051}{chapter.3}% 24
\BOOKMARK [1][-]{section.3.3}{\376\377\006\047\006\056\006\052\006\112\006\047\006\061\000\040\006\047\006\104\006\056\006\110\006\047\006\061\006\062\006\105\006\112\006\047\006\052\000\040\006\110\006\052\006\103\006\047\006\105\006\104\006\107\006\047}{chapter.3}% 25
\BOOKMARK [2][-]{subsection.3.3.1}{\376\377\006\056\006\110\006\047\006\061\006\062\006\105\006\112\006\047\006\052\000\040\006\047\006\104\006\052\006\071\006\104\006\105\000\040\006\047\006\104\006\042\006\104\006\112\000\040\006\047\006\104\006\043\006\063\006\047\006\063\006\112\006\051}{section.3.3}% 26
\BOOKMARK [2][-]{subsection.3.3.2}{\376\377\006\052\006\110\006\104\006\112\006\057\000\040\006\047\006\104\006\105\006\061\006\064\006\055\006\112\006\106}{section.3.3}% 27
\BOOKMARK [1][-]{section.3.4}{\376\377\006\054\006\105\006\071\000\040\006\047\006\104\006\050\006\112\006\047\006\106\006\047\006\052\006\014\000\040\006\047\006\104\006\063\006\112\006\047\006\102\000\040\006\047\006\104\006\104\006\072\006\110\006\112\006\014\000\040\006\110\006\105\006\110\006\047\006\057\000\040\006\052\006\057\006\061\006\112\006\050\000\040\006\047\006\104\006\106\006\105\006\110\006\060\006\054}{chapter.3}% 28
\BOOKMARK [1][-]{section.3.5}{\376\377\006\052\006\057\006\101\006\102\000\040\006\047\006\104\006\106\006\070\006\047\006\105\000\040\006\110\006\105\006\063\006\047\006\061\000\040\006\047\006\104\006\052\006\110\006\065\006\112\006\051}{chapter.3}% 29
\BOOKMARK [2][-]{subsection.3.5.1}{\376\377\006\047\006\063\006\052\006\112\006\071\006\047\006\050\000\040\006\047\006\104\006\050\006\112\006\047\006\106\006\047\006\052\000\040\006\110\006\050\006\106\006\112\006\051\000\040\006\047\006\104\006\102\006\112\006\047\006\063\000\040\006\071\006\106\000\040\006\050\006\071\006\057}{section.3.5}% 30
\BOOKMARK [2][-]{subsection.3.5.2}{\376\377\006\105\006\063\006\047\006\061\000\040\006\047\006\104\006\052\006\057\006\061\006\112\006\050\000\040\006\072\006\112\006\061\000\040\006\047\006\104\006\105\006\052\006\065\006\104\000\040\000\050\006\047\006\104\006\052\006\055\006\104\006\112\006\104\000\040\006\047\006\104\006\071\006\110\006\047\006\105\006\104\006\112\000\040\006\047\006\104\006\103\006\047\006\105\006\106\000\051}{section.3.5}% 31
\BOOKMARK [2][-]{subsection.3.5.3}{\376\377\006\105\006\063\006\047\006\061\000\040\006\047\006\104\006\047\006\063\006\052\006\061\006\054\006\047\006\071\000\040\006\047\006\104\006\105\006\052\006\065\006\104}{section.3.5}% 32
\BOOKMARK [0][-]{chapter.4}{\376\377\006\047\006\104\006\052\006\106\006\101\006\112\006\060\000\040\006\110\006\047\006\104\006\106\006\052\006\047\006\046\006\054}{}% 33
\BOOKMARK [1][-]{section.4.1}{\376\377\006\106\006\070\006\061\006\051\000\040\006\071\006\047\006\105\006\051\000\040\006\071\006\104\006\111\000\040\006\107\006\112\006\103\006\104\000\040\006\047\006\104\006\052\006\106\006\101\006\112\006\060}{chapter.4}% 34
\BOOKMARK [1][-]{section.4.2}{\376\377\006\047\006\104\006\055\006\062\006\105\006\051\000\040\006\047\006\104\006\043\006\110\006\104\006\111\000:\000\040\006\045\006\112\006\105\006\047\006\041\006\047\006\052\000\040\006\047\006\104\006\104\006\105\006\063\000\040\006\047\006\104\006\043\006\063\006\047\006\063\006\112}{chapter.4}% 35
\BOOKMARK [2][-]{subsection.4.2.1}{\376\377\006\047\006\104\006\105\006\101\006\107\006\110\006\105\000\040\006\110\006\047\006\104\006\050\006\106\006\112\006\051}{section.4.2}% 36
\BOOKMARK [2][-]{subsection.4.2.2}{\376\377\006\105\006\053\006\047\006\104\000\040\006\052\006\067\006\050\006\112\006\102\006\112\000:\000\040\006\045\006\112\006\105\006\047\006\041\006\051\000\040\006\047\006\104\006\066\006\072\006\067\006\051\000\040\006\047\006\104\006\110\006\047\006\055\006\057\006\051}{section.4.2}% 37
\BOOKMARK [2][-]{subsection.4.2.3}{\376\377\006\105\006\053\006\047\006\104\000\040\006\052\006\067\006\050\006\112\006\102\006\112\000:\000\040\006\047\006\104\006\066\006\072\006\067\006\051\000\040\006\047\006\104\006\105\006\062\006\057\006\110\006\054\006\051\000\040\006\110\006\047\006\104\006\066\006\072\006\067\000\040\006\047\006\104\006\105\006\067\006\110\006\121\006\104}{section.4.2}% 38
\BOOKMARK [1][-]{section.4.3}{\376\377\006\047\006\104\006\055\006\062\006\105\006\051\000\040\006\047\006\104\006\053\006\047\006\106\006\112\006\051\000:\000\040\006\045\006\112\006\105\006\047\006\041\006\047\006\052\000\040\006\047\006\104\006\063\006\055\006\050\000\040\006\110\006\047\006\104\006\055\006\061\006\103\006\051}{chapter.4}% 39
\BOOKMARK [2][-]{subsection.4.3.1}{\376\377\006\047\006\104\006\105\006\101\006\107\006\110\006\105\000\040\006\110\006\047\006\104\006\052\006\065\006\106\006\112\006\101}{section.4.3}% 40
\BOOKMARK [2][-]{subsection.4.3.2}{\376\377\006\105\006\053\006\047\006\104\000\040\006\052\006\067\006\050\006\112\006\102\006\112\000:\000\040\006\050\006\067\006\047\006\102\006\051\000\040\006\102\006\047\006\050\006\104\006\051\000\040\006\104\006\104\006\063\006\055\006\050}{section.4.3}% 41
\BOOKMARK [1][-]{section.4.4}{\376\377\006\047\006\104\006\055\006\062\006\105\006\051\000\040\006\047\006\104\006\053\006\047\006\104\006\053\006\051\000:\000\040\006\047\006\104\006\045\006\112\006\105\006\047\006\041\006\047\006\052\000\040\006\105\006\052\006\071\006\057\006\057\006\051\000\040\006\047\006\104\006\043\006\065\006\047\006\050\006\071}{chapter.4}% 42
\BOOKMARK [2][-]{subsection.4.4.1}{\376\377\006\047\006\104\006\043\006\063\006\063\000\040\006\047\006\104\006\061\006\112\006\047\006\066\006\112\006\051}{section.4.4}% 43
\BOOKMARK [2][-]{subsection.4.4.2}{\376\377\006\105\006\053\006\047\006\104\000\040\006\052\006\067\006\050\006\112\006\102\006\112\000:\000\040\006\052\006\103\006\050\006\112\006\061\000\040\006\047\006\104\006\065\006\110\006\061\000\040\006\050\006\045\006\112\006\105\006\047\006\041\006\051\000\040\006\047\006\104\006\102\006\061\006\065}{section.4.4}% 44
\BOOKMARK [1][-]{section.4.5}{\376\377\006\047\006\104\006\055\006\062\006\105\006\051\000\040\006\047\006\104\006\061\006\047\006\050\006\071\006\051\000:\000\040\006\045\006\112\006\105\006\047\006\041\006\047\006\052\000\040\006\055\006\063\006\047\006\063\000\040\006\047\006\104\006\052\006\102\006\047\006\061\006\050}{chapter.4}% 45
\BOOKMARK [2][-]{subsection.4.5.1}{\376\377\006\105\006\050\006\057\006\043\000\040\006\071\006\105\006\104\000\040\006\055\006\063\006\047\006\063\000\040\006\047\006\104\006\052\006\102\006\047\006\061\006\050}{section.4.5}% 46
\BOOKMARK [2][-]{subsection.4.5.2}{\376\377\006\106\006\070\006\047\006\105\000\040\006\047\006\104\006\043\006\106\006\110\006\047\006\071\000\040\006\104\006\055\006\062\006\105\006\051\000\040\006\047\006\104\006\052\006\102\006\047\006\061\006\050}{section.4.5}% 47
\BOOKMARK [2][-]{subsection.4.5.3}{\376\377\006\105\006\053\006\047\006\104\000\040\006\052\006\067\006\050\006\112\006\102\006\112\000:\000\040\006\045\006\112\006\102\006\047\006\070\000\040\006\047\006\104\006\064\006\047\006\064\006\051\000\040\006\050\006\047\006\104\006\052\006\102\006\047\006\061\006\050}{section.4.5}% 48
\BOOKMARK [2][-]{subsection.4.5.4}{\376\377\006\105\006\053\006\047\006\104\000\040\006\052\006\067\006\050\006\112\006\102\006\112\000:\000\040\006\047\006\104\006\066\006\072\006\067\006\051\000\040\006\047\006\104\006\107\006\110\006\047\006\046\006\112\006\051\000\040\006\050\006\057\006\110\006\106\000\040\006\104\006\105\006\063}{section.4.5}% 49
\BOOKMARK [1][-]{section.4.6}{\376\377\006\047\006\104\006\055\006\062\006\105\006\051\000\040\006\047\006\104\006\056\006\047\006\105\006\063\006\051\000:\000\040\006\045\006\112\006\105\006\047\006\041\006\047\006\052\000\040\006\047\006\104\006\055\006\063\006\047\006\063\006\047\006\052\000\040\006\047\006\104\006\055\006\061\006\103\006\112\006\051}{chapter.4}% 50
\BOOKMARK [2][-]{subsection.4.6.1}{\376\377\006\047\006\104\006\055\006\063\006\047\006\063\006\047\006\052\000\040\006\047\006\104\006\105\006\057\006\071\006\110\006\105\006\051\000\040\006\110\006\047\006\104\006\043\006\106\006\110\006\047\006\071\000\040\006\047\006\104\006\105\006\071\006\061\006\121\006\101\006\051}{section.4.6}% 51
\BOOKMARK [2][-]{subsection.4.6.2}{\376\377\006\047\006\104\006\045\006\112\006\105\006\047\006\041\006\047\006\052\000\040\006\047\006\104\006\055\006\061\006\103\006\112\006\051\000\040\006\047\006\104\006\105\006\057\006\071\006\110\006\105\006\051}{section.4.6}% 52
\BOOKMARK [2][-]{subsection.4.6.3}{\376\377\006\105\006\053\006\047\006\104\000\040\006\052\006\067\006\050\006\112\006\102\006\112\000:\000\040\006\045\006\112\006\105\006\047\006\041\006\051\000\040\006\047\006\104\006\107\006\062\000\040\006\104\006\052\006\055\006\057\006\112\006\053\000\040\006\047\006\104\006\050\006\112\006\047\006\106\006\047\006\052}{section.4.6}% 53
\BOOKMARK [2][-]{subsection.4.6.4}{\376\377\006\105\006\053\006\047\006\104\000\040\006\052\006\067\006\050\006\112\006\102\006\112\000:\000\040\006\045\006\105\006\047\006\104\006\051\000\040\006\047\006\104\006\054\006\107\006\047\006\062\000\040\006\104\006\104\006\052\006\055\006\103\006\105\000\040\006\101\006\112\000\040\006\047\006\104\006\103\006\047\006\105\006\112\006\061\006\047}{section.4.6}% 54
\BOOKMARK [2][-]{subsection.4.6.5}{\376\377\006\105\006\053\006\047\006\104\000\040\006\052\006\067\006\050\006\112\006\102\006\112\000:\000\040\006\057\006\105\006\054\000\040\006\047\006\104\006\052\006\102\006\047\006\061\006\050\000\040\006\110\006\047\006\104\006\055\006\063\006\047\006\063\006\047\006\052}{section.4.6}% 55
\BOOKMARK [1][-]{section.4.7}{\376\377\006\052\006\102\006\112\006\112\006\105\000\040\006\047\006\104\006\043\006\057\006\047\006\041\000\040\006\110\006\047\006\104\006\105\006\102\006\047\006\061\006\106\006\051}{chapter.4}% 56
\BOOKMARK [2][-]{subsection.4.7.1}{\376\377\006\106\006\052\006\047\006\046\006\054\000\040\006\102\006\112\006\047\006\063\006\047\006\052\000\040\006\047\006\104\006\043\006\057\006\047\006\041}{section.4.7}% 57
\BOOKMARK [2][-]{subsection.4.7.2}{\376\377\006\105\006\106\006\047\006\102\006\064\006\051\000\040\006\047\006\104\006\106\006\052\006\047\006\046\006\054}{section.4.7}% 58
\BOOKMARK [0][-]{chapter.5}{\376\377\006\047\006\104\006\056\006\047\006\052\006\105\006\051\000\040\006\110\006\047\006\104\006\052\006\110\006\065\006\112\006\047\006\052}{}% 59
\BOOKMARK [1][-]{section.5.1}{\376\377\006\105\006\104\006\056\006\065\000\040\006\047\006\104\006\106\006\052\006\047\006\046\006\054}{chapter.5}% 60
\BOOKMARK [1][-]{section.5.2}{\376\377\006\047\006\104\006\056\006\047\006\052\006\105\006\051}{chapter.5}% 61
\BOOKMARK [1][-]{section.5.3}{\376\377\006\047\006\104\006\052\006\110\006\065\006\112\006\047\006\052\000\040\006\110\006\047\006\104\006\043\006\071\006\105\006\047\006\104\000\040\006\047\006\104\006\105\006\063\006\052\006\102\006\050\006\104\006\112\006\051}{chapter.5}% 62
\BOOKMARK [0][-]{chapter*.18}{\376\377\000B\000i\000b\000l\000i\000o\000g\000r\000a\000p\000h\000y}{}% 63
